android-app/app/build/intermediates/manifest_merge_blame_file/debug/processDebugMainManifest/manifest-merger-blame-debug-report.txt
1<?xml version="1.0" encoding="utf-8"?>
2<manifest xmlns:android="http://schemas.android.com/apk/res/android"
3    package="com.example.foresttripmonitor"
4    android:versionCode="1"
5    android:versionName="1.0" >
6
7    <uses-sdk
7-->INJECTED
8        android:minSdkVersion="26"
8-->INJECTED
9        android:targetSdkVersion="35" />
9-->INJECTED
10
11    <uses-permission android:name="android.permission.INTERNET" />
11-->src\main\AndroidManifest.xml:2:5-67
11-->src\main\AndroidManifest.xml:2:22-64
12
13    <application
13-->src\main\AndroidManifest.xml:4:5-18:19
14        android:allowBackup="true"
14-->src\main\AndroidManifest.xml:5:9-35
15        android:debuggable="true"
16        android:extractNativeLibs="false"
16-->INJECTED
17        android:label="Foresttrip Monitor"
17-->src\main\AndroidManifest.xml:6:9-43
18        android:theme="@style/AppTheme"
18-->src\main\AndroidManifest.xml:7:9-40
19        android:usesCleartextTraffic="false" >
19-->src\main\AndroidManifest.xml:8:9-45
20        <activity
20-->src\main\AndroidManifest.xml:9:9-17:20
21            android:name="com.example.foresttripmonitor.MainActivity"
21-->src\main\AndroidManifest.xml:10:13-41
22            android:configChanges="keyboardHidden|orientation|screenSize"
22-->src\main\AndroidManifest.xml:11:13-74
23            android:exported="true" >
23-->src\main\AndroidManifest.xml:12:13-36
24            <intent-filter>
24-->src\main\AndroidManifest.xml:13:13-16:29
25                <action android:name="android.intent.action.MAIN" />
25-->src\main\AndroidManifest.xml:14:17-69
25-->src\main\AndroidManifest.xml:14:25-66
26
27                <category android:name="android.intent.category.LAUNCHER" />
27-->src\main\AndroidManifest.xml:15:17-77
27-->src\main\AndroidManifest.xml:15:27-74
28            </intent-filter>
29        </activity>
30    </application>
31
32</manifest>